2020-08-11 22:52:03.343  INFO 2624 --- [restartedMain] com.swann.SwannApplication               : Starting SwannApplication on DESKTOP-NS5E9DC with PID 2624 (C:\Users\Swann\IdeaProjects\React_Spring\target\classes started by Swann in C:\Users\Swann\IdeaProjects\React_Spring)
2020-08-11 22:52:03.348 DEBUG 2624 --- [restartedMain] com.swann.SwannApplication               : Running with Spring Boot v2.3.1.RELEASE, Spring v5.2.7.RELEASE
2020-08-11 22:52:03.349  INFO 2624 --- [restartedMain] com.swann.SwannApplication               : No active profile set, falling back to default profiles: default
2020-08-11 22:52:03.402  INFO 2624 --- [restartedMain] .e.DevToolsPropertyDefaultsPostProcessor : Devtools property defaults active! Set 'spring.devtools.add-properties' to 'false' to disable
2020-08-11 22:52:03.402  INFO 2624 --- [restartedMain] .e.DevToolsPropertyDefaultsPostProcessor : For additional web related logging consider setting the 'logging.level.web' property to 'DEBUG'
2020-08-11 22:52:04.078  INFO 2624 --- [restartedMain] .s.d.r.c.RepositoryConfigurationDelegate : Bootstrapping Spring Data JPA repositories in DEFERRED mode.
2020-08-11 22:52:04.129  INFO 2624 --- [restartedMain] .s.d.r.c.RepositoryConfigurationDelegate : Finished Spring Data repository scanning in 44ms. Found 1 JPA repository interfaces.
2020-08-11 22:52:04.573  INFO 2624 --- [restartedMain] o.s.b.w.embedded.tomcat.TomcatWebServer  : Tomcat initialized with port(s): 8080 (http)
2020-08-11 22:52:04.579  INFO 2624 --- [restartedMain] o.apache.catalina.core.StandardService   : Starting service [Tomcat]
2020-08-11 22:52:04.580  INFO 2624 --- [restartedMain] org.apache.catalina.core.StandardEngine  : Starting Servlet engine: [Apache Tomcat/9.0.36]
2020-08-11 22:52:04.667  INFO 2624 --- [restartedMain] o.a.c.c.C.[Tomcat].[localhost].[/]       : Initializing Spring embedded WebApplicationContext
2020-08-11 22:52:04.668  INFO 2624 --- [restartedMain] w.s.c.ServletWebServerApplicationContext : Root WebApplicationContext: initialization completed in 1265 ms
2020-08-11 22:52:04.700  INFO 2624 --- [restartedMain] com.zaxxer.hikari.HikariDataSource       : HikariPool-1 - Starting...
2020-08-11 22:52:05.047  INFO 2624 --- [restartedMain] com.zaxxer.hikari.HikariDataSource       : HikariPool-1 - Start completed.
2020-08-11 22:52:05.132  INFO 2624 --- [restartedMain] o.s.b.a.h2.H2ConsoleAutoConfiguration    : H2 console available at '/h2-console'. Database available at 'jdbc:mysql://localhost/swann'
2020-08-11 22:52:05.206  INFO 2624 --- [restartedMain] o.s.s.concurrent.ThreadPoolTaskExecutor  : Initializing ExecutorService 'applicationTaskExecutor'
2020-08-11 22:52:05.236  INFO 2624 --- [task-1] o.hibernate.jpa.internal.util.LogHelper  : HHH000204: Processing PersistenceUnitInfo [name: default]
2020-08-11 22:52:05.275  WARN 2624 --- [restartedMain] JpaBaseConfiguration$JpaWebConfiguration : spring.jpa.open-in-view is enabled by default. Therefore, database queries may be performed during view rendering. Explicitly configure spring.jpa.open-in-view to disable this warning
2020-08-11 22:52:05.289  INFO 2624 --- [task-1] org.hibernate.Version                    : HHH000412: Hibernate ORM core version 5.4.17.Final
2020-08-11 22:52:05.428  INFO 2624 --- [task-1] o.hibernate.annotations.common.Version   : HCANN000001: Hibernate Commons Annotations {5.1.0.Final}
2020-08-11 22:52:05.524  INFO 2624 --- [restartedMain] o.s.b.d.a.OptionalLiveReloadServer       : LiveReload server is running on port 35729
2020-08-11 22:52:05.527  INFO 2624 --- [task-1] org.hibernate.dialect.Dialect            : HHH000400: Using dialect: org.hibernate.dialect.MySQL5InnoDBDialect
2020-08-11 22:52:05.551  INFO 2624 --- [restartedMain] o.s.b.w.embedded.tomcat.TomcatWebServer  : Tomcat started on port(s): 8080 (http) with context path ''
2020-08-11 22:52:05.552  INFO 2624 --- [restartedMain] DeferredRepositoryInitializationListener : Triggering deferred initialization of Spring Data repositories…
2020-08-11 22:52:06.242  INFO 2624 --- [task-1] o.h.e.t.j.p.i.JtaPlatformInitiator       : HHH000490: Using JtaPlatform implementation: [org.hibernate.engine.transaction.jta.platform.internal.NoJtaPlatform]
2020-08-11 22:52:06.249  INFO 2624 --- [task-1] j.LocalContainerEntityManagerFactoryBean : Initialized JPA EntityManagerFactory for persistence unit 'default'
2020-08-11 22:52:06.561  INFO 2624 --- [restartedMain] DeferredRepositoryInitializationListener : Spring Data repositories initialized!
2020-08-11 22:52:06.575  INFO 2624 --- [restartedMain] com.swann.SwannApplication               : Started SwannApplication in 3.582 seconds (JVM running for 4.275)
2020-08-11 22:54:49.076  INFO 17052 --- [restartedMain] com.swann.SwannApplication               : Starting SwannApplication on DESKTOP-NS5E9DC with PID 17052 (C:\Users\Swann\IdeaProjects\React_Spring\target\classes started by Swann in C:\Users\Swann\IdeaProjects\React_Spring)
2020-08-11 22:54:49.079 DEBUG 17052 --- [restartedMain] com.swann.SwannApplication               : Running with Spring Boot v2.3.1.RELEASE, Spring v5.2.7.RELEASE
2020-08-11 22:54:49.080  INFO 17052 --- [restartedMain] com.swann.SwannApplication               : No active profile set, falling back to default profiles: default
2020-08-11 22:54:49.119  INFO 17052 --- [restartedMain] .e.DevToolsPropertyDefaultsPostProcessor : Devtools property defaults active! Set 'spring.devtools.add-properties' to 'false' to disable
2020-08-11 22:54:49.119  INFO 17052 --- [restartedMain] .e.DevToolsPropertyDefaultsPostProcessor : For additional web related logging consider setting the 'logging.level.web' property to 'DEBUG'
2020-08-11 22:54:49.673  INFO 17052 --- [restartedMain] .s.d.r.c.RepositoryConfigurationDelegate : Bootstrapping Spring Data JPA repositories in DEFERRED mode.
2020-08-11 22:54:49.718  INFO 17052 --- [restartedMain] .s.d.r.c.RepositoryConfigurationDelegate : Finished Spring Data repository scanning in 39ms. Found 1 JPA repository interfaces.
2020-08-11 22:54:50.115  INFO 17052 --- [restartedMain] o.s.b.w.embedded.tomcat.TomcatWebServer  : Tomcat initialized with port(s): 8080 (http)
2020-08-11 22:54:50.119  INFO 17052 --- [restartedMain] o.apache.catalina.core.StandardService   : Starting service [Tomcat]
2020-08-11 22:54:50.120  INFO 17052 --- [restartedMain] org.apache.catalina.core.StandardEngine  : Starting Servlet engine: [Apache Tomcat/9.0.36]
2020-08-11 22:54:50.200  INFO 17052 --- [restartedMain] o.a.c.c.C.[Tomcat].[localhost].[/]       : Initializing Spring embedded WebApplicationContext
2020-08-11 22:54:50.200  INFO 17052 --- [restartedMain] w.s.c.ServletWebServerApplicationContext : Root WebApplicationContext: initialization completed in 1081 ms
2020-08-11 22:54:50.230  INFO 17052 --- [restartedMain] com.zaxxer.hikari.HikariDataSource       : HikariPool-1 - Starting...
2020-08-11 22:54:50.588  INFO 17052 --- [restartedMain] com.zaxxer.hikari.HikariDataSource       : HikariPool-1 - Start completed.
2020-08-11 22:54:50.592  INFO 17052 --- [restartedMain] o.s.b.a.h2.H2ConsoleAutoConfiguration    : H2 console available at '/h2-console'. Database available at 'jdbc:mysql://localhost/swann'
2020-08-11 22:54:50.650  INFO 17052 --- [restartedMain] o.s.s.concurrent.ThreadPoolTaskExecutor  : Initializing ExecutorService 'applicationTaskExecutor'
2020-08-11 22:54:50.675  INFO 17052 --- [task-1] o.hibernate.jpa.internal.util.LogHelper  : HHH000204: Processing PersistenceUnitInfo [name: default]
2020-08-11 22:54:50.707  INFO 17052 --- [task-1] org.hibernate.Version                    : HHH000412: Hibernate ORM core version 5.4.17.Final
2020-08-11 22:54:50.710  WARN 17052 --- [restartedMain] JpaBaseConfiguration$JpaWebConfiguration : spring.jpa.open-in-view is enabled by default. Therefore, database queries may be performed during view rendering. Explicitly configure spring.jpa.open-in-view to disable this warning
2020-08-11 22:54:50.801  INFO 17052 --- [task-1] o.hibernate.annotations.common.Version   : HCANN000001: Hibernate Commons Annotations {5.1.0.Final}
2020-08-11 22:54:50.876  INFO 17052 --- [task-1] org.hibernate.dialect.Dialect            : HHH000400: Using dialect: org.hibernate.dialect.MySQL5InnoDBDialect
2020-08-11 22:54:50.926  INFO 17052 --- [restartedMain] o.s.b.d.a.OptionalLiveReloadServer       : LiveReload server is running on port 35729
2020-08-11 22:54:50.954  INFO 17052 --- [restartedMain] o.s.b.w.embedded.tomcat.TomcatWebServer  : Tomcat started on port(s): 8080 (http) with context path ''
2020-08-11 22:54:50.955  INFO 17052 --- [restartedMain] DeferredRepositoryInitializationListener : Triggering deferred initialization of Spring Data repositories…
2020-08-11 22:54:51.316  INFO 17052 --- [task-1] o.h.e.t.j.p.i.JtaPlatformInitiator       : HHH000490: Using JtaPlatform implementation: [org.hibernate.engine.transaction.jta.platform.internal.NoJtaPlatform]
2020-08-11 22:54:51.321  INFO 17052 --- [task-1] j.LocalContainerEntityManagerFactoryBean : Initialized JPA EntityManagerFactory for persistence unit 'default'
2020-08-11 22:54:51.473  INFO 17052 --- [restartedMain] DeferredRepositoryInitializationListener : Spring Data repositories initialized!
2020-08-11 22:54:51.479  INFO 17052 --- [restartedMain] com.swann.SwannApplication               : Started SwannApplication in 2.711 seconds (JVM running for 3.356)
2020-08-11 22:55:12.421  INFO 17052 --- [http-nio-8080-exec-2] o.a.c.c.C.[Tomcat].[localhost].[/]       : Initializing Spring DispatcherServlet 'dispatcherServlet'
2020-08-11 22:55:12.421  INFO 17052 --- [http-nio-8080-exec-2] o.s.web.servlet.DispatcherServlet        : Initializing Servlet 'dispatcherServlet'
2020-08-11 22:55:12.428  INFO 17052 --- [http-nio-8080-exec-2] o.s.web.servlet.DispatcherServlet        : Completed initialization in 7 ms
2020-08-11 23:04:53.823  WARN 17052 --- [HikariPool-1 housekeeper] com.zaxxer.hikari.pool.HikariPool        : HikariPool-1 - Thread starvation or clock leap detected (housekeeper delta=8m33s138ms785µs700ns).
